2023-04-03 00:33:30.368680 - Initialized conversion of CBT476
2023-04-03 00:33:31.432838 - Received CBT.V504.FILE476.PDS from FILE476.XMI 
2023-04-03 00:33:31.435615 - Found $$$#DATE.txt (text/plain) in CBT.V504.FILE476.PDS, moved to PDS/$$$#DATE
2023-04-03 00:33:31.436759 - Found $$ZILCR.txt (text/plain) in CBT.V504.FILE476.PDS, moved to PDS/$$ZILCR
2023-04-03 00:33:31.437735 - Found $RECEIVE.jcl (text/plain) in CBT.V504.FILE476.PDS, moved to PDS/$RECEIVE
2023-04-03 00:33:31.438754 - Found $RECEIV1.jcl (text/plain) in CBT.V504.FILE476.PDS, moved to PDS/$RECEIV1
2023-04-03 00:33:31.439803 - Found @FILE476.txt (text/plain) in CBT.V504.FILE476.PDS, moved to PDS/@FILE476
2023-04-03 00:33:33.424481 - Found ASM.xmi (application/xmit) in CBT.V504.FILE476.PDS
2023-04-03 00:33:33.693299   - Received to CBT476/ZILCBT.ASM
2023-04-03 00:33:33.906660 - Found CLIST.xmi (application/xmit) in CBT.V504.FILE476.PDS
2023-04-03 00:33:33.933356   - Received to CBT476/ZILCBT.CLIST
2023-04-03 00:33:33.988317 - Found CNTL.xmi (application/xmit) in CBT.V504.FILE476.PDS
2023-04-03 00:33:33.998638   - Received to CBT476/ZILCBT.CNTL
2023-04-03 00:33:34.067444 - Found HELP.xmi (application/xmit) in CBT.V504.FILE476.PDS
2023-04-03 00:33:34.078992   - Received to CBT476/ZILCBT.HELP
2023-04-03 00:33:36.794782 - Found LISP.xmi (application/xmit) in CBT.V504.FILE476.PDS
2023-04-03 00:33:37.195424   - Received to CBT476/ZILCBT.LISP
2023-04-03 00:33:37.405432 - Found MACLIB.xmi (application/xmit) in CBT.V504.FILE476.PDS
2023-04-03 00:33:37.442034   - Received to CBT476/ZILCBT.MACLIB
2023-04-03 00:33:37.467344 - Found MSG.xmi (application/xmit) in CBT.V504.FILE476.PDS
2023-04-03 00:33:37.475649   - Received to CBT476/ZILCBT.MSG
2023-04-03 00:33:38.354224 - Found OBJ.xmi (application/xmit) in CBT.V504.FILE476.PDS
2023-04-03 00:33:39.000236   - Received to CBT476/ZILCBT.OBJ
2023-04-03 00:33:39.278906 - Found PANEL.xmi (application/xmit) in CBT.V504.FILE476.PDS
2023-04-03 00:33:39.334712   - Received to CBT476/ZILCBT.PANEL
2023-04-03 00:33:39.354578 - Found SKEL.xmi (application/xmit) in CBT.V504.FILE476.PDS
2023-04-03 00:33:39.359862   - Received to CBT476/ZILCBT.SKEL
2023-04-03 00:33:42.606828 - Found TEXT.xmi (application/xmit) in CBT.V504.FILE476.PDS
2023-04-03 00:33:43.161931   - Received to CBT476/ZILCBT.TEXT
